<?xml version="1.0" encoding="UTF-8"?>
<!-- Generated by org.testng.reporters.JUnitXMLReporter -->
<testsuite ignored="1" hostname="RahulLaptop" failures="0" tests="2" name="chrometest" time="27.539" errors="0" timestamp="2023-08-31T11:15:16 EDT">
  <testcase classname="testCases.Tc_001_AccountRegistrationTest" name="test_accountRegistration" time="2.481"/>
  <testcase classname="testCases.Tc_002_LoginTest" name="test_Login" time="1.401"/>
  <testcase classname="testCases.Tc_003_LoginDataDrivenTest" name="test_Login" time="0.0">
    <ignored/>
  </testcase> <!-- test_Login -->
</testsuite> <!-- chrometest -->
