<?xml version="1.0" encoding="UTF-8"?>
<testng-results ignored="0" total="2" passed="2" failed="0" skipped="0">
  <reporter-output>
  </reporter-output>
  <suite started-at="2023-08-30T20:59:17 EDT" name="mysuite" finished-at="2023-08-30T20:59:36 EDT" duration-ms="18801">
    <groups>
      <group name="sanity">
        <method signature="Tc_001_AccountRegistrationTest.test_accountRegistration()[pri:0, instance:testCases.Tc_001_AccountRegistrationTest@2e005c4b]" name="test_accountRegistration" class="testCases.Tc_001_AccountRegistrationTest"/>
        <method signature="Tc_002_LoginTest.test_Login()[pri:0, instance:testCases.Tc_002_LoginTest@a514af7]" name="test_Login" class="testCases.Tc_002_LoginTest"/>
      </group> <!-- sanity -->
      <group name="master">
        <method signature="Tc_001_AccountRegistrationTest.test_accountRegistration()[pri:0, instance:testCases.Tc_001_AccountRegistrationTest@2e005c4b]" name="test_accountRegistration" class="testCases.Tc_001_AccountRegistrationTest"/>
        <method signature="Tc_002_LoginTest.test_Login()[pri:0, instance:testCases.Tc_002_LoginTest@a514af7]" name="test_Login" class="testCases.Tc_002_LoginTest"/>
      </group> <!-- master -->
    </groups>
    <test started-at="2023-08-30T20:59:17 EDT" name="chrometest" finished-at="2023-08-30T20:59:36 EDT" duration-ms="18801">
      <class name="testCases.Tc_001_AccountRegistrationTest">
        <test-method is-config="true" signature="setup(java.lang.String)[pri:0, instance:testCases.Tc_001_AccountRegistrationTest@2e005c4b]" started-at="2023-08-30T20:59:17 EDT" name="setup" finished-at="2023-08-30T20:59:26 EDT" duration-ms="8423" status="PASS">
          <params>
            <param index="0">
              <value>
                <![CDATA[chrome]]>
              </value>
            </param>
          </params>
          <reporter-output>
          </reporter-output>
        </test-method> <!-- setup -->
        <test-method signature="test_accountRegistration()[pri:0, instance:testCases.Tc_001_AccountRegistrationTest@2e005c4b]" started-at="2023-08-30T20:59:26 EDT" name="test_accountRegistration" finished-at="2023-08-30T20:59:28 EDT" duration-ms="2159" status="PASS">
          <reporter-output>
          </reporter-output>
        </test-method> <!-- test_accountRegistration -->
        <test-method is-config="true" signature="tearDown()[pri:0, instance:testCases.Tc_001_AccountRegistrationTest@2e005c4b]" started-at="2023-08-30T20:59:28 EDT" name="tearDown" finished-at="2023-08-30T20:59:28 EDT" duration-ms="145" status="PASS">
          <reporter-output>
          </reporter-output>
        </test-method> <!-- tearDown -->
      </class> <!-- testCases.Tc_001_AccountRegistrationTest -->
      <class name="testCases.Tc_002_LoginTest">
        <test-method is-config="true" signature="setup(java.lang.String)[pri:0, instance:testCases.Tc_002_LoginTest@a514af7]" started-at="2023-08-30T20:59:28 EDT" name="setup" finished-at="2023-08-30T20:59:34 EDT" duration-ms="6247" status="PASS">
          <params>
            <param index="0">
              <value>
                <![CDATA[chrome]]>
              </value>
            </param>
          </params>
          <reporter-output>
          </reporter-output>
        </test-method> <!-- setup -->
        <test-method signature="test_Login()[pri:0, instance:testCases.Tc_002_LoginTest@a514af7]" started-at="2023-08-30T20:59:34 EDT" name="test_Login" finished-at="2023-08-30T20:59:36 EDT" duration-ms="1386" status="PASS">
          <reporter-output>
          </reporter-output>
        </test-method> <!-- test_Login -->
        <test-method is-config="true" signature="tearDown()[pri:0, instance:testCases.Tc_002_LoginTest@a514af7]" started-at="2023-08-30T20:59:36 EDT" name="tearDown" finished-at="2023-08-30T20:59:36 EDT" duration-ms="178" status="PASS">
          <reporter-output>
          </reporter-output>
        </test-method> <!-- tearDown -->
      </class> <!-- testCases.Tc_002_LoginTest -->
    </test> <!-- chrometest -->
  </suite> <!-- mysuite -->
</testng-results>
